bun test v1.3.5 (1e86cebd)


tests/unit/cli/init.test.ts:
23 | 
24 |   afterEach(async () => {
25 |     vi.restoreAllMocks();
26 |     await rm(tempDir, { recursive: true, force: true });
27 |     // clear module cache so each test gets a fresh import
28 |     vi.resetModules();
            ^
TypeError: vi.resetModules is not a function. (In 'vi.resetModules()', 'vi.resetModules' is undefined)
      at <anonymous> (/home/dawid/projects/specialists/.xtrm/worktrees/specialists-xt-pi-ly7c/tests/unit/cli/init.test.ts:28:8)
(fail) init CLI — run() > creates specialists/ directory when it does not exist [4.00ms]
23 | 
24 |   afterEach(async () => {
25 |     vi.restoreAllMocks();
26 |     await rm(tempDir, { recursive: true, force: true });
27 |     // clear module cache so each test gets a fresh import
28 |     vi.resetModules();
            ^
TypeError: vi.resetModules is not a function. (In 'vi.resetModules()', 'vi.resetModules' is undefined)
      at <anonymous> (/home/dawid/projects/specialists/.xtrm/worktrees/specialists-xt-pi-ly7c/tests/unit/cli/init.test.ts:28:8)
(fail) init CLI — run() > creates AGENTS.md with Specialists section when file does not exist [1.00ms]
23 | 
24 |   afterEach(async () => {
25 |     vi.restoreAllMocks();
26 |     await rm(tempDir, { recursive: true, force: true });
27 |     // clear module cache so each test gets a fresh import
28 |     vi.resetModules();
            ^
TypeError: vi.resetModules is not a function. (In 'vi.resetModules()', 'vi.resetModules' is undefined)
      at <anonymous> (/home/dawid/projects/specialists/.xtrm/worktrees/specialists-xt-pi-ly7c/tests/unit/cli/init.test.ts:28:8)
(fail) init CLI — run() > appends Specialists section to existing AGENTS.md without marker
49 |     expect(content).toContain('## Specialists');
50 |   });
51 | 
52 |   it('does not duplicate Specialists section on second run', async () => {
53 |     await runInit(tempDir);
54 |     vi.resetModules();
            ^
TypeError: vi.resetModules is not a function. (In 'vi.resetModules()', 'vi.resetModules' is undefined)
      at <anonymous> (/home/dawid/projects/specialists/.xtrm/worktrees/specialists-xt-pi-ly7c/tests/unit/cli/init.test.ts:54:8)
23 | 
24 |   afterEach(async () => {
25 |     vi.restoreAllMocks();
26 |     await rm(tempDir, { recursive: true, force: true });
27 |     // clear module cache so each test gets a fresh import
28 |     vi.resetModules();
            ^
TypeError: vi.resetModules is not a function. (In 'vi.resetModules()', 'vi.resetModules' is undefined)
      at <anonymous> (/home/dawid/projects/specialists/.xtrm/worktrees/specialists-xt-pi-ly7c/tests/unit/cli/init.test.ts:28:8)
(fail) init CLI — run() > does not duplicate Specialists section on second run [2.00ms]
23 | 
24 |   afterEach(async () => {
25 |     vi.restoreAllMocks();
26 |     await rm(tempDir, { recursive: true, force: true });
27 |     // clear module cache so each test gets a fresh import
28 |     vi.resetModules();
            ^
TypeError: vi.resetModules is not a function. (In 'vi.resetModules()', 'vi.resetModules' is undefined)
      at <anonymous> (/home/dawid/projects/specialists/.xtrm/worktrees/specialists-xt-pi-ly7c/tests/unit/cli/init.test.ts:28:8)
(fail) init CLI — run() > does not overwrite existing AGENTS.md that already has ## Specialists [1.00ms]
68 |     expect((content.match(/## Specialists/g) ?? []).length).toBe(1);
69 |   });
70 | 
71 |   it('does not fail if specialists/ directory already exists', async () => {
72 |     await mkdir(join(tempDir, 'specialists'));
73 |     await expect(runInit(tempDir)).resolves.not.toThrow();
                                                     ^
error: expect(received).not.toThrow()

Thrown value: undefined

      at <anonymous> (/home/dawid/projects/specialists/.xtrm/worktrees/specialists-xt-pi-ly7c/tests/unit/cli/init.test.ts:73:49)
23 | 
24 |   afterEach(async () => {
25 |     vi.restoreAllMocks();
26 |     await rm(tempDir, { recursive: true, force: true });
27 |     // clear module cache so each test gets a fresh import
28 |     vi.resetModules();
            ^
TypeError: vi.resetModules is not a function. (In 'vi.resetModules()', 'vi.resetModules' is undefined)
      at <anonymous> (/home/dawid/projects/specialists/.xtrm/worktrees/specialists-xt-pi-ly7c/tests/unit/cli/init.test.ts:28:8)
(fail) init CLI — run() > does not fail if specialists/ directory already exists

 0 pass
 6 fail
 8 expect() calls
Ran 6 tests across 1 file. [36.00ms]
