
 RUN  v2.1.9 /home/dawid/projects/specialists

 ✓ tests/unit/cli/help.test.ts (4 tests) 20ms
 ❯ tests/unit/cli/feed.test.ts (3 tests | 1 failed) 97ms
   × feed CLI > prints prefixed events for completed jobs in global follow mode 15ms
     → expected '\u001b[36m[abc123]\u001b[0m unknown  …' to contain 'code-review'

 Test Files  1 failed | 1 passed (2)
      Tests  1 failed | 6 passed (7)
   Start at  00:08:46
   Duration  422ms (transform 118ms, setup 0ms, collect 90ms, tests 117ms, environment 1ms, prepare 109ms)


⎯⎯⎯⎯⎯⎯⎯ Failed Tests 1 ⎯⎯⎯⎯⎯⎯⎯

 FAIL  tests/unit/cli/feed.test.ts > feed CLI > prints prefixed events for completed jobs in global follow mode
AssertionError: expected '\u001b[36m[abc123]\u001b[0m unknown  …' to contain 'code-review'

Expected: "code-review"
Received: "[36m[abc123][0m unknown  [2m16:00:00[0m  toolcall [36mbash[0m"

 ❯ tests/unit/cli/feed.test.ts:88:22
     86|     const combined = logs.join('\n');
     87|     expect(combined).toContain('abc123');
     88|     expect(combined).toContain('code-review');
       |                      ^
     89|     expect(combined).toContain('unitAI-9re');
     90|     expect(combined).toContain('toolcall');

⎯⎯⎯⎯⎯⎯⎯⎯⎯⎯⎯⎯⎯⎯⎯⎯⎯⎯⎯⎯⎯⎯⎯⎯[1/1]⎯

error: "vitest" exited with code 1
