
tests/unit/specialist/runner.test.ts:
(pass) SpecialistRunner > executes specialist and returns output [4.00ms]
(pass) SpecialistRunner > calls pi session lifecycle in order
(pass) SpecialistRunner > returns correct backend even when kill() destroys meta [1.00ms]
(pass) SpecialistRunner > kills session even on error [1.00ms]
(pass) SpecialistRunner > uses fallback backend when primary circuit is OPEN [1.00ms]
(pass) SpecialistRunner > beads integration > creates and closes bead on success when always
(pass) SpecialistRunner > beads integration > closes bead with ERROR status on run failure [1.00ms]
(pass) SpecialistRunner > beads integration > skips bead when never
(pass) SpecialistRunner > beads integration > skips bead when auto and READ_ONLY
(pass) SpecialistRunner > beads integration > creates bead when auto and MEDIUM permission
(pass) SpecialistRunner > beads integration > links tracking bead back to the input bead [1.00ms]
(pass) SpecialistRunner > beads integration > exposes bead_context and bead_id template variables for bead runs
(pass) SpecialistRunner > beads integration > does not crash when createBead returns null
(pass) SpecialistRunner > beads integration > runs normally without beadsClient provided [1.00ms]
(pass) SpecialistRunner > cancellation via SessionKilledError > does not record circuit-breaker failure when session is killed
(pass) SpecialistRunner > cancellation via SessionKilledError > closes bead with CANCELLED status when session is killed [1.00ms]
(pass) SpecialistRunner > cancellation via SessionKilledError > records circuit-breaker failure for real backend errors (not kills)

 17 pass
 0 fail
 42 expect() calls
Ran 17 tests across 1 file. [50.00ms]
