
 RUN  v2.1.9 /home/dawid/projects/specialists

 ❯ tests/unit/cli/help.test.ts (9 tests | 9 failed) 30ms
   × help CLI — run() > prints usage section 23ms
     → Failed to load url ../specialist/workflow.js (resolved id: ../specialist/workflow.js) in /home/dawid/projects/specialists/src/cli/help.ts. Does the file exist?
   × help CLI — run() > teaches bead-first workflow 1ms
     → Failed to load url ../specialist/workflow.js (resolved id: ../specialist/workflow.js) in /home/dawid/projects/specialists/src/cli/help.ts. Does the file exist?
   × help CLI — run() > distinguishes tracked vs ad-hoc work 0ms
     → Failed to load url ../specialist/workflow.js (resolved id: ../specialist/workflow.js) in /home/dawid/projects/specialists/src/cli/help.ts. Does the file exist?
   × help CLI — run() > mentions --context-depth and --no-beads semantics 0ms
     → Failed to load url ../specialist/workflow.js (resolved id: ../specialist/workflow.js) in /home/dawid/projects/specialists/src/cli/help.ts. Does the file exist?
   × help CLI — run() > lists core commands plainly 0ms
     → Failed to load url ../specialist/workflow.js (resolved id: ../specialist/workflow.js) in /home/dawid/projects/specialists/src/cli/help.ts. Does the file exist?
   × help CLI — run() > shows deprecated setup and install commands 0ms
     → Failed to load url ../specialist/workflow.js (resolved id: ../specialist/workflow.js) in /home/dawid/projects/specialists/src/cli/help.ts. Does the file exist?
   × help CLI — run() > mentions xtrm worktree commands 0ms
     → Failed to load url ../specialist/workflow.js (resolved id: ../specialist/workflow.js) in /home/dawid/projects/specialists/src/cli/help.ts. Does the file exist?
   × help CLI — run() > references quickstart and command-specific help 0ms
     → Failed to load url ../specialist/workflow.js (resolved id: ../specialist/workflow.js) in /home/dawid/projects/specialists/src/cli/help.ts. Does the file exist?
   × help CLI — run() > states project-only model 0ms
     → Failed to load url ../specialist/workflow.js (resolved id: ../specialist/workflow.js) in /home/dawid/projects/specialists/src/cli/help.ts. Does the file exist?

 Test Files  1 failed (1)
      Tests  9 failed (9)
   Start at  17:16:10
   Duration  383ms (transform 60ms, setup 0ms, collect 30ms, tests 30ms, environment 0ms, prepare 60ms)

